{"level":"info","message":"API Gateway is running on port 3000","service":"api-gateway","timestamp":"2026-02-15T11:52:34.123Z"}
{"level":"info","message":"User Service is running on http://localhost:3001","service":"api-gateway","timestamp":"2026-02-15T11:52:34.135Z"}
{"level":"info","message":"Redis is running on redis://localhost:6379","service":"api-gateway","timestamp":"2026-02-15T11:52:34.136Z"}
{"level":"info","message":"API Gateway is running on port 3000","service":"api-gateway","timestamp":"2026-02-15T11:52:46.804Z"}
{"level":"info","message":"User Service is running on http://localhost:3001","service":"api-gateway","timestamp":"2026-02-15T11:52:46.877Z"}
{"level":"info","message":"Redis is running on redis://localhost:6379","service":"api-gateway","timestamp":"2026-02-15T11:52:46.956Z"}
{"level":"info","message":"Received request: POST /v1/auth/register from IP: ::1","service":"api-gateway","timestamp":"2026-02-15T11:54:53.905Z"}
{"level":"info","message":"Received response from user service for POST /v1/auth/register with status 201","service":"api-gateway","timestamp":"2026-02-15T11:54:54.508Z"}
{"level":"info","message":"API Gateway is running on port 3000","service":"api-gateway","timestamp":"2026-02-15T12:01:47.556Z"}
{"level":"info","message":"User Service is running on http://localhost:3001","service":"api-gateway","timestamp":"2026-02-15T12:01:47.571Z"}
{"level":"info","message":"Redis is running on redis://localhost:6379","service":"api-gateway","timestamp":"2026-02-15T12:01:47.572Z"}
{"level":"info","message":"Received request: POST /v1/login from IP: ::1","service":"api-gateway","timestamp":"2026-02-15T12:13:36.864Z"}
{"level":"info","message":"Received request: POST /v1/auth/login from IP: ::1","service":"api-gateway","timestamp":"2026-02-15T12:14:11.336Z"}
{"level":"info","message":"Received response from user service for POST /v1/auth/login with status 500","service":"api-gateway","timestamp":"2026-02-15T12:14:11.564Z"}
{"level":"info","message":"Received request: POST /v1/auth/login from IP: ::1","service":"api-gateway","timestamp":"2026-02-15T12:15:05.705Z"}
{"level":"info","message":"Received response from user service for POST /v1/auth/login with status 500","service":"api-gateway","timestamp":"2026-02-15T12:15:06.055Z"}
{"level":"info","message":"Received request: POST /v1/auth/login from IP: ::1","service":"api-gateway","timestamp":"2026-02-15T12:15:52.958Z"}
{"level":"info","message":"Received response from user service for POST /v1/auth/login with status 200","service":"api-gateway","timestamp":"2026-02-15T12:15:53.719Z"}
{"level":"info","message":"API Gateway is running on port 3000","service":"api-gateway","timestamp":"2026-02-15T17:20:15.967Z"}
{"level":"info","message":"User Service is running on http://localhost:3001","service":"api-gateway","timestamp":"2026-02-15T17:20:15.980Z"}
{"level":"info","message":"Redis is running on redis://localhost:6379","service":"api-gateway","timestamp":"2026-02-15T17:20:15.981Z"}
